2023-12-07T01:47:27+00:00 DEBUG Tt4b_Pixel_Class::inject_view_content_event: hit ViewContent
2023-12-07T01:47:27+00:00 DEBUG Tt4b_Pixel_Class::inject_view_content_event: Missing option "access_token"
2023-12-07T05:08:06+00:00 DEBUG Tt4b_Pixel_Class::inject_view_content_event: hit ViewContent
2023-12-07T05:08:06+00:00 DEBUG Tt4b_Pixel_Class::inject_view_content_event: Missing option "access_token"
2023-12-07T07:02:28+00:00 DEBUG POST: https://business-api.tiktok.com/tbp/v2.0/business_profile/disconnect?external_data=

{"business_platform":"WOO_COMMERCE","external_business_id":"tt4b_woocommerce_656e114132606"}
 ajax: no
2023-12-07T07:02:29+00:00 DEBUG Tt4b_Mapi_Class::tbp_post: Response: 

HTTP/1.1 200 OK
Content-Type: application/json; charset=utf-8
Content-Length: 95
X-Api-Deprecation-Info: API for Business Version 1.3 is now live. To avoid disruption to your business, we recommend you migrate all calls to v1.3 as soon as possible. Please visit our migration guide for more details: https://ads.tiktok.com/marketing_api/docs?id=1740029169927169
X-Domain-Change-Info: We have moved to the new domain business-api.tiktok.com for API services after the Platform Upgrade on 09/30/2021. Please update all of your requests with the new domain if you haven't done so already. For more information, please visit https://ads.tiktok.com/marketing_api/docs?rid=esb88xalm6m&id=1709207085043713
X-Tt-Logid: 202312070700361D805B1F76D526609265
x-tt-trace-host: 01ad626333468d77908d0a745511fb0f82478f9ea5197840b7e371903e8e473c638dee455a9acc71e8592981e3f12f886770caa75c4e82a0133934b5c552287279667ab0f89ca270b2973c967f6bed2427a5b55af06724464c0a4d3753f2d35372ee67b7626ce8a958086d20bfd60eaa22
x-tt-trace-id: 00-2312070700361D805B1F76D526609265-7077E699120650E5-00
Server: TLB
X-Origin-Response-Time: 23,23.59.80.213
X-Akamai-Request-ID: 8538861c.63c2ef4
Expires: Thu, 07 Dec 2023 07:00:37 GMT
Cache-Control: max-age=0, no-cache, no-store
Pragma: no-cache
Date: Thu, 07 Dec 2023 07:00:37 GMT
X-Cache: TCP_MISS from a104-90-7-63.deploy.akamaitechnologies.com (AkamaiGHost/11.3.2-52183077) (-)
Connection: close
X-Cache-Remote: TCP_MISS from a23-59-80-213.deploy.akamaitechnologies.com (AkamaiGHost/11.3.2-52183077) (-)
x-tt-trace-tag: id=16;cdn-cache=miss;type=dyn
Server-Timing: cdn-cache; desc=MISS, edge; dur=37, origin; dur=22
Server-Timing: inner; dur=8
X-Parent-Response-Time: 57,104.90.7.63

{"code":40001,"message":"Permission denied.","request_id":"202312070700361D805B1F76D526609265"}

2023-12-07T07:02:29+00:00 DEBUG POST: https://business-api.tiktok.com/tbp/v2.0/shop/connection/disconnect?external_data=

--- EMPTY STRING ---
 ajax: no
2023-12-07T07:02:30+00:00 DEBUG Tt4b_Mapi_Class::tts_shop_disconnect: Response: 

HTTP/1.1 200 OK
Content-Type: application/json; charset=utf-8
Content-Length: 95
X-Api-Deprecation-Info: API for Business Version 1.3 is now live. To avoid disruption to your business, we recommend you migrate all calls to v1.3 as soon as possible. Please visit our migration guide for more details: https://ads.tiktok.com/marketing_api/docs?id=1740029169927169
X-Domain-Change-Info: We have moved to the new domain business-api.tiktok.com for API services after the Platform Upgrade on 09/30/2021. Please update all of your requests with the new domain if you haven't done so already. For more information, please visit https://ads.tiktok.com/marketing_api/docs?rid=esb88xalm6m&id=1709207085043713
X-Tt-Logid: 2023120707003794830E01FBE4DD60E464
x-tt-trace-host: 01ad626333468d77908d0a745511fb0f823e595e954f730fa138f766d34c73701f4558a827d1a379c576950a2069df62215740ca9980fc1873298ddc6fec8ac05d0797a875caf1be16d526ebb37f89872a7369607f2bec9f66e5bcfdc0f52ff80625b04cda4bb5cf39b2fe485f7f5fdc79
x-tt-trace-id: 00-23120707003794830E01FBE4DD60E464-432F91C5500F664A-00
Server: TLB
X-Origin-Response-Time: 19,23.59.80.190
X-Akamai-Request-ID: 94b941e4.4065518a
Expires: Thu, 07 Dec 2023 07:00:38 GMT
Cache-Control: max-age=0, no-cache, no-store
Pragma: no-cache
Date: Thu, 07 Dec 2023 07:00:38 GMT
X-Cache: TCP_MISS from a104-90-7-28.deploy.akamaitechnologies.com (AkamaiGHost/11.3.2-52183077) (-)
Connection: close
X-Cache-Remote: TCP_MISS from a23-59-80-190.deploy.akamaitechnologies.com (AkamaiGHost/11.3.2-52183077) (-)
x-tt-trace-tag: id=16;cdn-cache=miss;type=dyn
Server-Timing: cdn-cache; desc=MISS, edge; dur=44, origin; dur=19
Server-Timing: inner; dur=8
X-Parent-Response-Time: 61,104.90.7.28

{"code":40001,"message":"Permission denied.","request_id":"2023120707003794830E01FBE4DD60E464"}

